c:\users\re___\onedrive\바탕 화면\git\api-hani\api-hani\debug\api-hani.pch
c:\users\re___\onedrive\바탕 화면\git\api-hani\api-hani\debug\vc143.pdb
c:\users\re___\onedrive\바탕 화면\git\api-hani\api-hani\debug\vc143.idb
c:\users\re___\onedrive\바탕 화면\git\api-hani\api-hani\debug\stdafx.obj
c:\users\re___\onedrive\바탕 화면\git\api-hani\api-hani\debug\stage01.obj
c:\users\re___\onedrive\바탕 화면\git\api-hani\api-hani\debug\player.obj
c:\users\re___\onedrive\바탕 화면\git\api-hani\api-hani\debug\soup.obj
c:\users\re___\onedrive\바탕 화면\git\api-hani\api-hani\debug\scenemgr.obj
c:\users\re___\onedrive\바탕 화면\git\api-hani\api-hani\debug\scene.obj
c:\users\re___\onedrive\바탕 화면\git\api-hani\api-hani\debug\objmgr.obj
c:\users\re___\onedrive\바탕 화면\git\api-hani\api-hani\debug\obj.obj
c:\users\re___\onedrive\바탕 화면\git\api-hani\api-hani\debug\mymenu.obj
c:\users\re___\onedrive\바탕 화면\git\api-hani\api-hani\debug\mybutton.obj
c:\users\re___\onedrive\바탕 화면\git\api-hani\api-hani\debug\mybmp.obj
c:\users\re___\onedrive\바탕 화면\git\api-hani\api-hani\debug\maingame.obj
c:\users\re___\onedrive\바탕 화면\git\api-hani\api-hani\debug\logo.obj
c:\users\re___\onedrive\바탕 화면\git\api-hani\api-hani\debug\cscrollmgr.obj
c:\users\re___\onedrive\바탕 화면\git\api-hani\api-hani\debug\bmpmgr.obj
c:\users\re___\onedrive\바탕 화면\git\api-hani\api-hani\debug\api-hani.obj
c:\users\re___\onedrive\바탕 화면\git\api-hani\debug\api-hani.exe
c:\users\re___\onedrive\바탕 화면\git\api-hani\api-hani\debug\api-hani.ilk
c:\users\re___\onedrive\바탕 화면\git\api-hani\debug\api-hani.pdb
c:\users\re___\onedrive\바탕 화면\git\api-hani\api-hani\debug\api-hani.res
c:\users\re___\onedrive\바탕 화면\git\api-hani\api-hani\debug\api-hani.tlog\cl.command.1.tlog
c:\users\re___\onedrive\바탕 화면\git\api-hani\api-hani\debug\api-hani.tlog\cl.read.1.tlog
c:\users\re___\onedrive\바탕 화면\git\api-hani\api-hani\debug\api-hani.tlog\cl.write.1.tlog
c:\users\re___\onedrive\바탕 화면\git\api-hani\api-hani\debug\api-hani.tlog\link.command.1.tlog
c:\users\re___\onedrive\바탕 화면\git\api-hani\api-hani\debug\api-hani.tlog\link.read.1.tlog
c:\users\re___\onedrive\바탕 화면\git\api-hani\api-hani\debug\api-hani.tlog\link.write.1.tlog
c:\users\re___\onedrive\바탕 화면\git\api-hani\api-hani\debug\api-hani.tlog\rc.command.1.tlog
c:\users\re___\onedrive\바탕 화면\git\api-hani\api-hani\debug\api-hani.tlog\rc.read.1.tlog
c:\users\re___\onedrive\바탕 화면\git\api-hani\api-hani\debug\api-hani.tlog\rc.write.1.tlog
