e:\02.programming\06.숨고\20220312\cookierun_sinhani\api-hani\api-hani\x64\debug\api-hani.pch
e:\02.programming\06.숨고\20220312\cookierun_sinhani\api-hani\api-hani\x64\debug\vc142.pdb
e:\02.programming\06.숨고\20220312\cookierun_sinhani\api-hani\api-hani\x64\debug\vc142.idb
e:\02.programming\06.숨고\20220312\cookierun_sinhani\api-hani\api-hani\x64\debug\stdafx.obj
e:\02.programming\06.숨고\20220312\cookierun_sinhani\api-hani\api-hani\x64\debug\mymenu.obj
e:\02.programming\06.숨고\20220312\cookierun_sinhani\api-hani\api-hani\x64\debug\stage01.obj
e:\02.programming\06.숨고\20220312\cookierun_sinhani\api-hani\api-hani\x64\debug\soup.obj
e:\02.programming\06.숨고\20220312\cookierun_sinhani\api-hani\api-hani\x64\debug\scenemgr.obj
e:\02.programming\06.숨고\20220312\cookierun_sinhani\api-hani\api-hani\x64\debug\scene.obj
e:\02.programming\06.숨고\20220312\cookierun_sinhani\api-hani\api-hani\x64\debug\objmgr.obj
e:\02.programming\06.숨고\20220312\cookierun_sinhani\api-hani\api-hani\x64\debug\obj.obj
e:\02.programming\06.숨고\20220312\cookierun_sinhani\api-hani\api-hani\x64\debug\mybutton.obj
e:\02.programming\06.숨고\20220312\cookierun_sinhani\api-hani\api-hani\x64\debug\mybmp.obj
e:\02.programming\06.숨고\20220312\cookierun_sinhani\api-hani\api-hani\x64\debug\maingame.obj
e:\02.programming\06.숨고\20220312\cookierun_sinhani\api-hani\api-hani\x64\debug\logo.obj
e:\02.programming\06.숨고\20220312\cookierun_sinhani\api-hani\api-hani\x64\debug\cscrollmgr.obj
e:\02.programming\06.숨고\20220312\cookierun_sinhani\api-hani\api-hani\x64\debug\player.obj
e:\02.programming\06.숨고\20220312\cookierun_sinhani\api-hani\api-hani\x64\debug\keymgr.obj
e:\02.programming\06.숨고\20220312\cookierun_sinhani\api-hani\api-hani\x64\debug\bmpmgr.obj
e:\02.programming\06.숨고\20220312\cookierun_sinhani\api-hani\api-hani\x64\debug\api-hani.obj
e:\02.programming\06.숨고\20220312\cookierun_sinhani\api-hani\x64\debug\api-hani.exe
e:\02.programming\06.숨고\20220312\cookierun_sinhani\api-hani\api-hani\x64\debug\api-hani.ilk
e:\02.programming\06.숨고\20220312\cookierun_sinhani\api-hani\x64\debug\api-hani.pdb
e:\02.programming\06.숨고\20220312\cookierun_sinhani\api-hani\api-hani\x64\debug\api-hani.res
e:\02.programming\06.숨고\20220312\cookierun_sinhani\api-hani\api-hani\x64\debug\api-hani.tlog\cl.command.1.tlog
e:\02.programming\06.숨고\20220312\cookierun_sinhani\api-hani\api-hani\x64\debug\api-hani.tlog\cl.read.1.tlog
e:\02.programming\06.숨고\20220312\cookierun_sinhani\api-hani\api-hani\x64\debug\api-hani.tlog\cl.write.1.tlog
e:\02.programming\06.숨고\20220312\cookierun_sinhani\api-hani\api-hani\x64\debug\api-hani.tlog\link.command.1.tlog
e:\02.programming\06.숨고\20220312\cookierun_sinhani\api-hani\api-hani\x64\debug\api-hani.tlog\link.read.1.tlog
e:\02.programming\06.숨고\20220312\cookierun_sinhani\api-hani\api-hani\x64\debug\api-hani.tlog\link.write.1.tlog
e:\02.programming\06.숨고\20220312\cookierun_sinhani\api-hani\api-hani\x64\debug\api-hani.tlog\rc.command.1.tlog
e:\02.programming\06.숨고\20220312\cookierun_sinhani\api-hani\api-hani\x64\debug\api-hani.tlog\rc.read.1.tlog
e:\02.programming\06.숨고\20220312\cookierun_sinhani\api-hani\api-hani\x64\debug\api-hani.tlog\rc.write.1.tlog
